<?xml version="1.0" encoding="UTF-8"?>
<testsuite name="com.codurance.AccountShould" tests="2" skipped="0" failures="0" errors="0" timestamp="2021-09-13T21:19:46" hostname="Toms-MBP-2" time="0.385">
  <properties/>
  <testcase name="withdraws_500()" classname="com.codurance.AccountShould" time="0.382"/>
  <testcase name="deposits_1000()" classname="com.codurance.AccountShould" time="0.002"/>
  <system-out><![CDATA[]]></system-out>
  <system-err><![CDATA[]]></system-err>
</testsuite>
